<?xml version="1.0" encoding="UTF-8"?>
<testsuites name="Smoke" time="50" tests="3" failures="1" errors="0">
   <testsuite name="Smoke" tests="3" failures="1" errors="0" time="50" timestamp="2017-10-30 06:51:45" hostname="lokesh - DESKTOP-7FI2243" id="Test Suites/Smoke">
      <properties>
         <property name="deviceName" value=""/>
         <property name="devicePlatform" value=""/>
         <property name="logFolder" value="C:\\Users\\lokesh\\Katalon Studio\\recorded\\Reports\\Smoke\\20171030_065143"/>
         <property name="logFiles" value="C:\\Users\\lokesh\\Katalon Studio\\recorded\\Reports\\Smoke\\20171030_065143\\execution0.log"/>
         <property name="attachments" value="C:\\Users\\lokesh\\Katalon Studio\\recorded\\Reports\\Smoke\\20171030_065143\\1509326554322.png"/>
         <property name="hostName" value="lokesh - DESKTOP-7FI2243"/>
         <property name="os" value="Windows 10 64bit"/>
         <property name="katalonVersion" value="5.0.0.1"/>
         <property name="browser" value="Chrome 61.0.3163.100"/>
         <property name="hostAddress" value="192.168.0.100"/>
         <property name="sessionId" value="9356849555d71edf5ce63e847b4fdc7b"/>
         <property name="seleniumVersion" value="2.53.0"/>
         <property name="proxyInformation" value="ProxyInformation{proxyOption=NO_PROXY, proxyServerType=, password=, proxyServerAddress=, proxyServerPort=0}"/>
         <property name="platform" value="Windows 10"/>
      </properties>
      <testcase name="Test Cases/TC01" classname="Test Cases/TC01" status="PASSED">
         <system-out><![CDATA[2017-10-30 06:51:45 - [TEST_CASE][PASSED] - Test Cases/TC01: Test Cases/TC01

2017-10-30 06:51:46 - [TEST_STEP][PASSED] - openBrowser: Browser is opened with url: ''

2017-10-30 06:51:49 - [MESSAGE][PASSED] - Browser is opened with url: ''

2017-10-30 06:51:49 - [TEST_STEP][PASSED] - maximizeWindow: Current window maximized

2017-10-30 06:51:50 - [MESSAGE][PASSED] - Current window maximized

2017-10-30 06:51:50 - [TEST_STEP][PASSED] - navigateToUrl: Navigate to 'https://nflplayercomm-test.crm.dynamics.com/main.aspx?appid=cc7e976d-8a90-422a-a6c3-5d97a285f749' successfully

2017-10-30 06:51:53 - [MESSAGE][PASSED] - Navigate to 'https://nflplayercomm-test.crm.dynamics.com/main.aspx?appid=cc7e976d-8a90-422a-a6c3-5d97a285f749' successfully

2017-10-30 06:51:53 - [TEST_STEP][PASSED] - setText: Text 'lokesh.sharma@nflit.onmicrosoft.com' is set on object 'Object Repository/Page_Sign in to your account/input_login'

2017-10-30 06:51:54 - [MESSAGE][PASSED] - Text 'lokesh.sharma@nflit.onmicrosoft.com' is set on object 'Object Repository/Page_Sign in to your account/input_login'

2017-10-30 06:51:54 - [TEST_STEP][PASSED] - setText: Text 'kirti123#' is set on object 'Object Repository/Page_Sign in to your account/input_passwd'

2017-10-30 06:51:54 - [MESSAGE][PASSED] - Text 'kirti123#' is set on object 'Object Repository/Page_Sign in to your account/input_passwd'

2017-10-30 06:51:54 - [TEST_STEP][PASSED] - waitForPageLoad: Wait for page load successfully

2017-10-30 06:51:54 - [MESSAGE][PASSED] - Wait for page load successfully

2017-10-30 06:51:54 - [TEST_STEP][PASSED] - sendKeys: Keys 'ENTER + ' sent to object: 'Object Repository/Page_Sign in to your account/button_Sign in'

2017-10-30 06:51:54 - [MESSAGE][PASSED] - Keys 'ENTER + ' sent to object: 'Object Repository/Page_Sign in to your account/button_Sign in'

2017-10-30 06:51:54 - [TEST_STEP][PASSED] - click: Object: 'Object Repository/Page_Sign in to your account/button_Sign in' is clicked on

2017-10-30 06:51:54 - [MESSAGE][PASSED] - Object: 'Object Repository/Page_Sign in to your account/button_Sign in' is clicked on]]></system-out>
         <system-err><![CDATA[]]></system-err>
      </testcase>
      <testcase name="Test Cases/TC02" classname="Test Cases/TC02" status="PASSED">
         <system-out><![CDATA[2017-10-30 06:51:54 - [TEST_CASE][PASSED] - Test Cases/TC02: Test Cases/TC02

2017-10-30 06:51:54 - [TEST_STEP][PASSED] - click: Object: 'Object Repository/Page_Dashboards Player Community Da/label_Search for records' is clicked on

2017-10-30 06:52:12 - [MESSAGE][PASSED] - Object: 'Object Repository/Page_Dashboards Player Community Da/label_Search for records' is clicked on

2017-10-30 06:52:12 - [TEST_STEP][PASSED] - setText: Text 'Ayers, John' is set on object 'Object Repository/Page_Dashboards Player Community Da/input_Component0458004_findCri'

2017-10-30 06:52:12 - [MESSAGE][PASSED] - Text 'Ayers, John' is set on object 'Object Repository/Page_Dashboards Player Community Da/input_Component0458004_findCri'

2017-10-30 06:52:13 - [TEST_STEP][PASSED] - click: Object: 'Object Repository/Page_Dashboards Player Community Da/img_Component0458004_findCrite' is clicked on

2017-10-30 06:52:14 - [MESSAGE][PASSED] - Object: 'Object Repository/Page_Dashboards Player Community Da/img_Component0458004_findCrite' is clicked on

2017-10-30 06:52:14 - [TEST_STEP][PASSED] - switchToFrame: Timeout '0' is invalid. Using default page load timeout: '30'

2017-10-30 06:52:14 - [MESSAGE][WARNING] - Timeout '0' is invalid. Using default page load timeout: '30'

2017-10-30 06:52:14 - [TEST_STEP][PASSED] - click: Object: 'Object Repository/Page_Dashboards Player Community Da/a_PlayerResult' is clicked on

2017-10-30 06:52:15 - [MESSAGE][PASSED] - Object: 'Object Repository/Page_Dashboards Player Community Da/a_PlayerResult' is clicked on

2017-10-30 06:52:15 - [TEST_STEP][PASSED] - waitForPageLoad: Wait for page load successfully

2017-10-30 06:52:25 - [MESSAGE][PASSED] - Wait for page load successfully]]></system-out>
         <system-err><![CDATA[]]></system-err>
      </testcase>
      <testcase name="Test Cases/TC03" classname="Test Cases/TC03" status="PASSED">
         <system-out><![CDATA[2017-10-30 06:52:25 - [TEST_CASE][PASSED] - Test Cases/TC03: Test Cases/TC03

2017-10-30 06:52:26 - [TEST_STEP][PASSED] - switchToDefaultContent: Switching to default content

2017-10-30 06:52:27 - [TEST_STEP][PASSED] - click: Object: 'Object Repository/Page_Player Details/img' is clicked on

2017-10-30 06:52:28 - [MESSAGE][PASSED] - Object: 'Object Repository/Page_Player Details/img' is clicked on

2017-10-30 06:52:28 - [TEST_STEP][PASSED] - click: Object: 'Object Repository/Page_Player Details/a_Additional Details' is clicked on

2017-10-30 06:52:29 - [MESSAGE][PASSED] - Object: 'Object Repository/Page_Player Details/a_Additional Details' is clicked on

2017-10-30 06:52:29 - [TEST_STEP][PASSED] - click: Object: 'Object Repository/Page_Player Details/Add_Language' is clicked on

2017-10-30 06:52:29 - [MESSAGE][PASSED] - Object: 'Object Repository/Page_Player Details/Add_Language' is clicked on

2017-10-30 06:52:31 - [TEST_STEP][PASSED] - setText: Text 'English' is set on object 'Object Repository/Page_Player Language New Player Lan/input_nfl_languageid_ledit'

2017-10-30 06:52:32 - [MESSAGE][PASSED] - Text 'English' is set on object 'Object Repository/Page_Player Language New Player Lan/input_nfl_languageid_ledit'

2017-10-30 06:52:32 - [TEST_STEP][PASSED] - click: Object: 'Object Repository/Page_Player Language New Player Lan/button_Save' is clicked on

2017-10-30 06:52:32 - [MESSAGE][PASSED] - Object: 'Object Repository/Page_Player Language New Player Lan/button_Save' is clicked on]]></system-out>
         <system-err><![CDATA[]]></system-err>
      </testcase>
      <testcase name="Test Cases/TC04" classname="Test Cases/TC04" status="FAILED">
         <failure type="FAILED" message="Unable to click on object 'Object Repository/Page_Player Details/img' (Root cause: org.openqa.selenium.WebDriverException: unknown error: Element &lt;iframe frameborder=&quot;0&quot; id=&quot;contentIFrame0&quot; name=&quot;contentIFrame0&quot; title=&quot;Content Area&quot; style=&quot;border: 0px none; overflow: hidden; position: absolute; left: 0px; right: 0px; height: 100%; width: 100%; visibility: visible;&quot; cd_frame_id_=&quot;f12cf1869709d7c90bb4dcb19df2d621&quot; ispreserved=&quot;always&quot;>&lt;/iframe> is not clickable at point (231, 192). Other element would receive the click: &lt;iframe class=&quot;mscrm-globalqc-iframe&quot; id=&quot;NavBarGloablQuickCreate&quot; style=&quot;height: 148px;&quot; cd_frame_id_=&quot;7fc41732a50e1e4a66e62245c86b674b&quot;>&lt;/iframe>
  (Session info: chrome=61.0.3163.100)
  (Driver info: chromedriver=2.33.506120 (e3e53437346286c0bc2d2dc9aa4915ba81d9023f),platform=Windows NT 10.0.15063 x86_64) (WARNING: The server did not provide any stacktrace information)
Command duration or timeout: 61 milliseconds
Build info: version: '2.53.0', revision: '35ae25b', time: '2016-03-15 17:00:58'
System info: host: 'DESKTOP-7FI2243', ip: '192.168.0.100', os.name: 'Windows 10', os.arch: 'amd64', os.version: '10.0', java.version: '1.8.0_102'
Driver info: com.kms.katalon.selenium.driver.CChromeDriver
Capabilities [{applicationCacheEnabled=false, rotatable=false, mobileEmulationEnabled=false, networkConnectionEnabled=false, chrome={chromedriverVersion=2.33.506120 (e3e53437346286c0bc2d2dc9aa4915ba81d9023f), userDataDir=C:\Users\lokesh\AppData\Local\Temp\scoped_dir3012_2178}, takesHeapSnapshot=true, pageLoadStrategy=normal, databaseEnabled=false, handlesAlerts=true, hasTouchScreen=false, version=61.0.3163.100, platform=XP, browserConnectionEnabled=false, nativeEvents=true, acceptSslCerts=true, locationContextEnabled=true, webStorageEnabled=true, browserName=chrome, takesScreenshot=true, javascriptEnabled=true, cssSelectorsEnabled=true, setWindowRect=true, unexpectedAlertBehaviour=}]
Session ID: 9356849555d71edf5ce63e847b4fdc7b)"/>
         <system-out><![CDATA[2017-10-30 06:52:32 - [TEST_CASE][FAILED] - Test Cases/TC04: Test Cases/TC04 FAILED because (of) Unable to click on object 'Object Repository/Page_Player Details/img' (Root cause: org.openqa.selenium.WebDriverException: unknown error: Element <iframe frameborder="0" id="contentIFrame0" name="contentIFrame0" title="Content Area" style="border: 0px none; overflow: hidden; position: absolute; left: 0px; right: 0px; height: 100%; width: 100%; visibility: visible;" cd_frame_id_="f12cf1869709d7c90bb4dcb19df2d621" ispreserved="always"></iframe> is not clickable at point (231, 192). Other element would receive the click: <iframe class="mscrm-globalqc-iframe" id="NavBarGloablQuickCreate" style="height: 148px;" cd_frame_id_="7fc41732a50e1e4a66e62245c86b674b"></iframe>
  (Session info: chrome=61.0.3163.100)
  (Driver info: chromedriver=2.33.506120 (e3e53437346286c0bc2d2dc9aa4915ba81d9023f),platform=Windows NT 10.0.15063 x86_64) (WARNING: The server did not provide any stacktrace information)
Command duration or timeout: 61 milliseconds
Build info: version: '2.53.0', revision: '35ae25b', time: '2016-03-15 17:00:58'
System info: host: 'DESKTOP-7FI2243', ip: '192.168.0.100', os.name: 'Windows 10', os.arch: 'amd64', os.version: '10.0', java.version: '1.8.0_102'
Driver info: com.kms.katalon.selenium.driver.CChromeDriver
Capabilities [{applicationCacheEnabled=false, rotatable=false, mobileEmulationEnabled=false, networkConnectionEnabled=false, chrome={chromedriverVersion=2.33.506120 (e3e53437346286c0bc2d2dc9aa4915ba81d9023f), userDataDir=C:\Users\lokesh\AppData\Local\Temp\scoped_dir3012_2178}, takesHeapSnapshot=true, pageLoadStrategy=normal, databaseEnabled=false, handlesAlerts=true, hasTouchScreen=false, version=61.0.3163.100, platform=XP, browserConnectionEnabled=false, nativeEvents=true, acceptSslCerts=true, locationContextEnabled=true, webStorageEnabled=true, browserName=chrome, takesScreenshot=true, javascriptEnabled=true, cssSelectorsEnabled=true, setWindowRect=true, unexpectedAlertBehaviour=}]
Session ID: 9356849555d71edf5ce63e847b4fdc7b)

2017-10-30 06:52:32 - [TEST_STEP][FAILED] - click: Unable to click on object 'Object Repository/Page_Player Details/img' (Root cause: org.openqa.selenium.WebDriverException: unknown error: Element <iframe frameborder="0" id="contentIFrame0" name="contentIFrame0" title="Content Area" style="border: 0px none; overflow: hidden; position: absolute; left: 0px; right: 0px; height: 100%; width: 100%; visibility: visible;" cd_frame_id_="f12cf1869709d7c90bb4dcb19df2d621" ispreserved="always"></iframe> is not clickable at point (231, 192). Other element would receive the click: <iframe class="mscrm-globalqc-iframe" id="NavBarGloablQuickCreate" style="height: 148px;" cd_frame_id_="7fc41732a50e1e4a66e62245c86b674b"></iframe>
  (Session info: chrome=61.0.3163.100)
  (Driver info: chromedriver=2.33.506120 (e3e53437346286c0bc2d2dc9aa4915ba81d9023f),platform=Windows NT 10.0.15063 x86_64) (WARNING: The server did not provide any stacktrace information)
Command duration or timeout: 61 milliseconds
Build info: version: '2.53.0', revision: '35ae25b', time: '2016-03-15 17:00:58'
System info: host: 'DESKTOP-7FI2243', ip: '192.168.0.100', os.name: 'Windows 10', os.arch: 'amd64', os.version: '10.0', java.version: '1.8.0_102'
Driver info: com.kms.katalon.selenium.driver.CChromeDriver
Capabilities [{applicationCacheEnabled=false, rotatable=false, mobileEmulationEnabled=false, networkConnectionEnabled=false, chrome={chromedriverVersion=2.33.506120 (e3e53437346286c0bc2d2dc9aa4915ba81d9023f), userDataDir=C:\Users\lokesh\AppData\Local\Temp\scoped_dir3012_2178}, takesHeapSnapshot=true, pageLoadStrategy=normal, databaseEnabled=false, handlesAlerts=true, hasTouchScreen=false, version=61.0.3163.100, platform=XP, browserConnectionEnabled=false, nativeEvents=true, acceptSslCerts=true, locationContextEnabled=true, webStorageEnabled=true, browserName=chrome, takesScreenshot=true, javascriptEnabled=true, cssSelectorsEnabled=true, setWindowRect=true, unexpectedAlertBehaviour=}]
Session ID: 9356849555d71edf5ce63e847b4fdc7b)

2017-10-30 06:52:34 - [MESSAGE][FAILED] - Unable to click on object 'Object Repository/Page_Player Details/img' (Root cause: org.openqa.selenium.WebDriverException: unknown error: Element <iframe frameborder="0" id="contentIFrame0" name="contentIFrame0" title="Content Area" style="border: 0px none; overflow: hidden; position: absolute; left: 0px; right: 0px; height: 100%; width: 100%; visibility: visible;" cd_frame_id_="f12cf1869709d7c90bb4dcb19df2d621" ispreserved="always"></iframe> is not clickable at point (231, 192). Other element would receive the click: <iframe class="mscrm-globalqc-iframe" id="NavBarGloablQuickCreate" style="height: 148px;" cd_frame_id_="7fc41732a50e1e4a66e62245c86b674b"></iframe>
  (Session info: chrome=61.0.3163.100)
  (Driver info: chromedriver=2.33.506120 (e3e53437346286c0bc2d2dc9aa4915ba81d9023f),platform=Windows NT 10.0.15063 x86_64) (WARNING: The server did not provide any stacktrace information)
Command duration or timeout: 61 milliseconds
Build info: version: '2.53.0', revision: '35ae25b', time: '2016-03-15 17:00:58'
System info: host: 'DESKTOP-7FI2243', ip: '192.168.0.100', os.name: 'Windows 10', os.arch: 'amd64', os.version: '10.0', java.version: '1.8.0_102'
Driver info: com.kms.katalon.selenium.driver.CChromeDriver
Capabilities [{applicationCacheEnabled=false, rotatable=false, mobileEmulationEnabled=false, networkConnectionEnabled=false, chrome={chromedriverVersion=2.33.506120 (e3e53437346286c0bc2d2dc9aa4915ba81d9023f), userDataDir=C:\Users\lokesh\AppData\Local\Temp\scoped_dir3012_2178}, takesHeapSnapshot=true, pageLoadStrategy=normal, databaseEnabled=false, handlesAlerts=true, hasTouchScreen=false, version=61.0.3163.100, platform=XP, browserConnectionEnabled=false, nativeEvents=true, acceptSslCerts=true, locationContextEnabled=true, webStorageEnabled=true, browserName=chrome, takesScreenshot=true, javascriptEnabled=true, cssSelectorsEnabled=true, setWindowRect=true, unexpectedAlertBehaviour=}]
Session ID: 9356849555d71edf5ce63e847b4fdc7b)
[[ATTACHMENT|C:\\Users\\lokesh\\Katalon Studio\\recorded\\Reports\\Smoke\\20171030_065143\\1509326554322.png]]]]></system-out>
         <system-err><![CDATA[2017-10-30 06:52:32 - [TEST_CASE][FAILED] - Test Cases/TC04: Test Cases/TC04 FAILED because (of) Unable to click on object 'Object Repository/Page_Player Details/img' (Root cause: org.openqa.selenium.WebDriverException: unknown error: Element <iframe frameborder="0" id="contentIFrame0" name="contentIFrame0" title="Content Area" style="border: 0px none; overflow: hidden; position: absolute; left: 0px; right: 0px; height: 100%; width: 100%; visibility: visible;" cd_frame_id_="f12cf1869709d7c90bb4dcb19df2d621" ispreserved="always"></iframe> is not clickable at point (231, 192). Other element would receive the click: <iframe class="mscrm-globalqc-iframe" id="NavBarGloablQuickCreate" style="height: 148px;" cd_frame_id_="7fc41732a50e1e4a66e62245c86b674b"></iframe>
  (Session info: chrome=61.0.3163.100)
  (Driver info: chromedriver=2.33.506120 (e3e53437346286c0bc2d2dc9aa4915ba81d9023f),platform=Windows NT 10.0.15063 x86_64) (WARNING: The server did not provide any stacktrace information)
Command duration or timeout: 61 milliseconds
Build info: version: '2.53.0', revision: '35ae25b', time: '2016-03-15 17:00:58'
System info: host: 'DESKTOP-7FI2243', ip: '192.168.0.100', os.name: 'Windows 10', os.arch: 'amd64', os.version: '10.0', java.version: '1.8.0_102'
Driver info: com.kms.katalon.selenium.driver.CChromeDriver
Capabilities [{applicationCacheEnabled=false, rotatable=false, mobileEmulationEnabled=false, networkConnectionEnabled=false, chrome={chromedriverVersion=2.33.506120 (e3e53437346286c0bc2d2dc9aa4915ba81d9023f), userDataDir=C:\Users\lokesh\AppData\Local\Temp\scoped_dir3012_2178}, takesHeapSnapshot=true, pageLoadStrategy=normal, databaseEnabled=false, handlesAlerts=true, hasTouchScreen=false, version=61.0.3163.100, platform=XP, browserConnectionEnabled=false, nativeEvents=true, acceptSslCerts=true, locationContextEnabled=true, webStorageEnabled=true, browserName=chrome, takesScreenshot=true, javascriptEnabled=true, cssSelectorsEnabled=true, setWindowRect=true, unexpectedAlertBehaviour=}]
Session ID: 9356849555d71edf5ce63e847b4fdc7b)]]></system-err>
      </testcase>
      <system-out><![CDATA[2017-10-30 06:51:45 - [TEST_SUITE][FAILED] - Smoke: Test Cases/TC04 FAILED because (of) Unable to click on object 'Object Repository/Page_Player Details/img' (Root cause: org.openqa.selenium.WebDriverException: unknown error: Element <iframe frameborder="0" id="contentIFrame0" name="contentIFrame0" title="Content Area" style="border: 0px none; overflow: hidden; position: absolute; left: 0px; right: 0px; height: 100%; width: 100%; visibility: visible;" cd_frame_id_="f12cf1869709d7c90bb4dcb19df2d621" ispreserved="always"></iframe> is not clickable at point (231, 192). Other element would receive the click: <iframe class="mscrm-globalqc-iframe" id="NavBarGloablQuickCreate" style="height: 148px;" cd_frame_id_="7fc41732a50e1e4a66e62245c86b674b"></iframe>
  (Session info: chrome=61.0.3163.100)
  (Driver info: chromedriver=2.33.506120 (e3e53437346286c0bc2d2dc9aa4915ba81d9023f),platform=Windows NT 10.0.15063 x86_64) (WARNING: The server did not provide any stacktrace information)
Command duration or timeout: 61 milliseconds
Build info: version: '2.53.0', revision: '35ae25b', time: '2016-03-15 17:00:58'
System info: host: 'DESKTOP-7FI2243', ip: '192.168.0.100', os.name: 'Windows 10', os.arch: 'amd64', os.version: '10.0', java.version: '1.8.0_102'
Driver info: com.kms.katalon.selenium.driver.CChromeDriver
Capabilities [{applicationCacheEnabled=false, rotatable=false, mobileEmulationEnabled=false, networkConnectionEnabled=false, chrome={chromedriverVersion=2.33.506120 (e3e53437346286c0bc2d2dc9aa4915ba81d9023f), userDataDir=C:\Users\lokesh\AppData\Local\Temp\scoped_dir3012_2178}, takesHeapSnapshot=true, pageLoadStrategy=normal, databaseEnabled=false, handlesAlerts=true, hasTouchScreen=false, version=61.0.3163.100, platform=XP, browserConnectionEnabled=false, nativeEvents=true, acceptSslCerts=true, locationContextEnabled=true, webStorageEnabled=true, browserName=chrome, takesScreenshot=true, javascriptEnabled=true, cssSelectorsEnabled=true, setWindowRect=true, unexpectedAlertBehaviour=}]
Session ID: 9356849555d71edf5ce63e847b4fdc7b)]]></system-out>
      <system-err><![CDATA[2017-10-30 06:51:45 - [TEST_SUITE][FAILED] - Smoke: Test Cases/TC04 FAILED because (of) Unable to click on object 'Object Repository/Page_Player Details/img' (Root cause: org.openqa.selenium.WebDriverException: unknown error: Element <iframe frameborder="0" id="contentIFrame0" name="contentIFrame0" title="Content Area" style="border: 0px none; overflow: hidden; position: absolute; left: 0px; right: 0px; height: 100%; width: 100%; visibility: visible;" cd_frame_id_="f12cf1869709d7c90bb4dcb19df2d621" ispreserved="always"></iframe> is not clickable at point (231, 192). Other element would receive the click: <iframe class="mscrm-globalqc-iframe" id="NavBarGloablQuickCreate" style="height: 148px;" cd_frame_id_="7fc41732a50e1e4a66e62245c86b674b"></iframe>
  (Session info: chrome=61.0.3163.100)
  (Driver info: chromedriver=2.33.506120 (e3e53437346286c0bc2d2dc9aa4915ba81d9023f),platform=Windows NT 10.0.15063 x86_64) (WARNING: The server did not provide any stacktrace information)
Command duration or timeout: 61 milliseconds
Build info: version: '2.53.0', revision: '35ae25b', time: '2016-03-15 17:00:58'
System info: host: 'DESKTOP-7FI2243', ip: '192.168.0.100', os.name: 'Windows 10', os.arch: 'amd64', os.version: '10.0', java.version: '1.8.0_102'
Driver info: com.kms.katalon.selenium.driver.CChromeDriver
Capabilities [{applicationCacheEnabled=false, rotatable=false, mobileEmulationEnabled=false, networkConnectionEnabled=false, chrome={chromedriverVersion=2.33.506120 (e3e53437346286c0bc2d2dc9aa4915ba81d9023f), userDataDir=C:\Users\lokesh\AppData\Local\Temp\scoped_dir3012_2178}, takesHeapSnapshot=true, pageLoadStrategy=normal, databaseEnabled=false, handlesAlerts=true, hasTouchScreen=false, version=61.0.3163.100, platform=XP, browserConnectionEnabled=false, nativeEvents=true, acceptSslCerts=true, locationContextEnabled=true, webStorageEnabled=true, browserName=chrome, takesScreenshot=true, javascriptEnabled=true, cssSelectorsEnabled=true, setWindowRect=true, unexpectedAlertBehaviour=}]
Session ID: 9356849555d71edf5ce63e847b4fdc7b)]]></system-err>
   </testsuite>
</testsuites>
