<?xml version="1.0" encoding="UTF-8"?>
<testsuites name="Smoke" time="87" tests="2" failures="1" errors="0">
   <testsuite name="Smoke" tests="2" failures="1" errors="0" time="87" timestamp="2017-10-30 05:30:33" hostname="lokesh - DESKTOP-7FI2243" id="Test Suites/Smoke">
      <properties>
         <property name="deviceName" value=""/>
         <property name="devicePlatform" value=""/>
         <property name="logFolder" value="C:\\Users\\lokesh\\Katalon Studio\\recorded\\Reports\\Smoke\\20171030_053031"/>
         <property name="logFiles" value="C:\\Users\\lokesh\\Katalon Studio\\recorded\\Reports\\Smoke\\20171030_053031\\execution0.log"/>
         <property name="attachments" value="C:\\Users\\lokesh\\Katalon Studio\\recorded\\Reports\\Smoke\\20171030_053031\\1509321719075.png"/>
         <property name="hostName" value="lokesh - DESKTOP-7FI2243"/>
         <property name="os" value="Windows 10 64bit"/>
         <property name="katalonVersion" value="5.0.0.1"/>
         <property name="browser" value="Chrome 61.0.3163.100"/>
         <property name="hostAddress" value="192.168.0.100"/>
         <property name="sessionId" value="7cf8d136ba78ab8f1771a19f73446920"/>
         <property name="seleniumVersion" value="2.53.0"/>
         <property name="proxyInformation" value="ProxyInformation{proxyOption=NO_PROXY, proxyServerType=, password=, proxyServerAddress=, proxyServerPort=0}"/>
         <property name="platform" value="Windows 10"/>
      </properties>
      <testcase name="Test Cases/TC01" classname="Test Cases/TC01" status="PASSED">
         <system-out><![CDATA[2017-10-30 05:30:33 - [TEST_CASE][PASSED] - Test Cases/TC01: Test Cases/TC01

2017-10-30 05:30:33 - [TEST_STEP][PASSED] - openBrowser: Browser is opened with url: ''

2017-10-30 05:30:37 - [MESSAGE][PASSED] - Browser is opened with url: ''

2017-10-30 05:30:37 - [TEST_STEP][PASSED] - maximizeWindow: Current window maximized

2017-10-30 05:30:38 - [MESSAGE][PASSED] - Current window maximized

2017-10-30 05:30:38 - [TEST_STEP][PASSED] - navigateToUrl: Navigate to 'https://nflplayercomm-test.crm.dynamics.com/main.aspx?appid=cc7e976d-8a90-422a-a6c3-5d97a285f749' successfully

2017-10-30 05:30:42 - [MESSAGE][PASSED] - Navigate to 'https://nflplayercomm-test.crm.dynamics.com/main.aspx?appid=cc7e976d-8a90-422a-a6c3-5d97a285f749' successfully

2017-10-30 05:30:42 - [TEST_STEP][PASSED] - setText: Text 'lokesh.sharma@nflit.onmicrosoft.com' is set on object 'Object Repository/Page_Sign in to your account/input_login'

2017-10-30 05:30:42 - [MESSAGE][PASSED] - Text 'lokesh.sharma@nflit.onmicrosoft.com' is set on object 'Object Repository/Page_Sign in to your account/input_login'

2017-10-30 05:30:42 - [TEST_STEP][PASSED] - setText: Text 'kirti123#' is set on object 'Object Repository/Page_Sign in to your account/input_passwd'

2017-10-30 05:30:42 - [MESSAGE][PASSED] - Text 'kirti123#' is set on object 'Object Repository/Page_Sign in to your account/input_passwd'

2017-10-30 05:30:42 - [TEST_STEP][PASSED] - waitForPageLoad: Wait for page load successfully

2017-10-30 05:30:42 - [MESSAGE][PASSED] - Wait for page load successfully

2017-10-30 05:30:42 - [TEST_STEP][PASSED] - sendKeys: Keys 'ENTER + ' sent to object: 'Object Repository/Page_Sign in to your account/button_Sign in'

2017-10-30 05:30:42 - [MESSAGE][PASSED] - Keys 'ENTER + ' sent to object: 'Object Repository/Page_Sign in to your account/button_Sign in'

2017-10-30 05:30:42 - [TEST_STEP][PASSED] - click: Object: 'Object Repository/Page_Sign in to your account/button_Sign in' is clicked on

2017-10-30 05:30:42 - [MESSAGE][PASSED] - Object: 'Object Repository/Page_Sign in to your account/button_Sign in' is clicked on]]></system-out>
         <system-err><![CDATA[]]></system-err>
      </testcase>
      <testcase name="Test Cases/TC02" classname="Test Cases/TC02" status="PASSED">
         <system-out><![CDATA[2017-10-30 05:30:42 - [TEST_CASE][PASSED] - Test Cases/TC02: Test Cases/TC02

2017-10-30 05:30:43 - [TEST_STEP][PASSED] - click: Object: 'Object Repository/Page_Dashboards Player Community Da/label_Search for records' is clicked on

2017-10-30 05:31:05 - [MESSAGE][PASSED] - Object: 'Object Repository/Page_Dashboards Player Community Da/label_Search for records' is clicked on

2017-10-30 05:31:05 - [TEST_STEP][PASSED] - setText: Text 'Ayers, John' is set on object 'Object Repository/Page_Dashboards Player Community Da/input_Component0458004_findCri'

2017-10-30 05:31:07 - [MESSAGE][PASSED] - Text 'Ayers, John' is set on object 'Object Repository/Page_Dashboards Player Community Da/input_Component0458004_findCri'

2017-10-30 05:31:07 - [TEST_STEP][PASSED] - click: Object: 'Object Repository/Page_Dashboards Player Community Da/img_Component0458004_findCrite' is clicked on

2017-10-30 05:31:07 - [MESSAGE][PASSED] - Object: 'Object Repository/Page_Dashboards Player Community Da/img_Component0458004_findCrite' is clicked on

2017-10-30 05:31:07 - [TEST_STEP][PASSED] - switchToFrame: Timeout '0' is invalid. Using default page load timeout: '30'

2017-10-30 05:31:07 - [MESSAGE][WARNING] - Timeout '0' is invalid. Using default page load timeout: '30'

2017-10-30 05:31:08 - [TEST_STEP][PASSED] - click: Object: 'Object Repository/Page_Dashboards Player Community Da/a_PlayerResult' is clicked on

2017-10-30 05:31:08 - [MESSAGE][PASSED] - Object: 'Object Repository/Page_Dashboards Player Community Da/a_PlayerResult' is clicked on

2017-10-30 05:31:08 - [TEST_STEP][PASSED] - waitForPageLoad: Wait for page load successfully

2017-10-30 05:31:26 - [MESSAGE][PASSED] - Wait for page load successfully]]></system-out>
         <system-err><![CDATA[]]></system-err>
      </testcase>
      <testcase name="Test Cases/TC03" classname="Test Cases/TC03" status="FAILED">
         <failure type="FAILED" message="Unable to click on object 'Object Repository/Page_Player Details/a_Additional Details' (Root cause: com.kms.katalon.core.webui.exception.WebElementNotFoundException: Web element with id: 'Object Repository/Page_Player Details/iframe_contentIFrame0' located by 'By.xpath: //iframe[count(. | //*[@frameborder = '0']) = count(//*[@frameborder = '0'])][count(. | //*[@id = 'contentIFrame0']) = count(//*[@id = 'contentIFrame0'])][count(. | //*[@name = 'contentIFrame0']) = count(//*[@name = 'contentIFrame0'])][count(. | //*[@title = 'Content Area']) = count(//*[@title = 'Content Area'])][count(. | //*[@ispreserved = 'always']) = count(//*[@ispreserved = 'always'])][count(. | id(&quot;contentIFrame0&quot;)) = count(id(&quot;contentIFrame0&quot;))]' not found)"/>
         <system-out><![CDATA[2017-10-30 05:31:26 - [TEST_CASE][FAILED] - Test Cases/TC03: Test Cases/TC03 FAILED because (of) Unable to click on object 'Object Repository/Page_Player Details/a_Additional Details' (Root cause: com.kms.katalon.core.webui.exception.WebElementNotFoundException: Web element with id: 'Object Repository/Page_Player Details/iframe_contentIFrame0' located by 'By.xpath: //iframe[count(. | //*[@frameborder = '0']) = count(//*[@frameborder = '0'])][count(. | //*[@id = 'contentIFrame0']) = count(//*[@id = 'contentIFrame0'])][count(. | //*[@name = 'contentIFrame0']) = count(//*[@name = 'contentIFrame0'])][count(. | //*[@title = 'Content Area']) = count(//*[@title = 'Content Area'])][count(. | //*[@ispreserved = 'always']) = count(//*[@ispreserved = 'always'])][count(. | id("contentIFrame0")) = count(id("contentIFrame0"))]' not found)

2017-10-30 05:31:26 - [TEST_STEP][FAILED] - click: Unable to click on object 'Object Repository/Page_Player Details/a_Additional Details' (Root cause: com.kms.katalon.core.webui.exception.WebElementNotFoundException: Web element with id: 'Object Repository/Page_Player Details/iframe_contentIFrame0' located by 'By.xpath: //iframe[count(. | //*[@frameborder = '0']) = count(//*[@frameborder = '0'])][count(. | //*[@id = 'contentIFrame0']) = count(//*[@id = 'contentIFrame0'])][count(. | //*[@name = 'contentIFrame0']) = count(//*[@name = 'contentIFrame0'])][count(. | //*[@title = 'Content Area']) = count(//*[@title = 'Content Area'])][count(. | //*[@ispreserved = 'always']) = count(//*[@ispreserved = 'always'])][count(. | id("contentIFrame0")) = count(id("contentIFrame0"))]' not found)

2017-10-30 05:31:59 - [MESSAGE][FAILED] - Unable to click on object 'Object Repository/Page_Player Details/a_Additional Details' (Root cause: com.kms.katalon.core.webui.exception.WebElementNotFoundException: Web element with id: 'Object Repository/Page_Player Details/iframe_contentIFrame0' located by 'By.xpath: //iframe[count(. | //*[@frameborder = '0']) = count(//*[@frameborder = '0'])][count(. | //*[@id = 'contentIFrame0']) = count(//*[@id = 'contentIFrame0'])][count(. | //*[@name = 'contentIFrame0']) = count(//*[@name = 'contentIFrame0'])][count(. | //*[@title = 'Content Area']) = count(//*[@title = 'Content Area'])][count(. | //*[@ispreserved = 'always']) = count(//*[@ispreserved = 'always'])][count(. | id("contentIFrame0")) = count(id("contentIFrame0"))]' not found)
[[ATTACHMENT|C:\\Users\\lokesh\\Katalon Studio\\recorded\\Reports\\Smoke\\20171030_053031\\1509321719075.png]]]]></system-out>
         <system-err><![CDATA[2017-10-30 05:31:26 - [TEST_CASE][FAILED] - Test Cases/TC03: Test Cases/TC03 FAILED because (of) Unable to click on object 'Object Repository/Page_Player Details/a_Additional Details' (Root cause: com.kms.katalon.core.webui.exception.WebElementNotFoundException: Web element with id: 'Object Repository/Page_Player Details/iframe_contentIFrame0' located by 'By.xpath: //iframe[count(. | //*[@frameborder = '0']) = count(//*[@frameborder = '0'])][count(. | //*[@id = 'contentIFrame0']) = count(//*[@id = 'contentIFrame0'])][count(. | //*[@name = 'contentIFrame0']) = count(//*[@name = 'contentIFrame0'])][count(. | //*[@title = 'Content Area']) = count(//*[@title = 'Content Area'])][count(. | //*[@ispreserved = 'always']) = count(//*[@ispreserved = 'always'])][count(. | id("contentIFrame0")) = count(id("contentIFrame0"))]' not found)]]></system-err>
      </testcase>
      <system-out><![CDATA[2017-10-30 05:30:33 - [TEST_SUITE][FAILED] - Smoke: Test Cases/TC03 FAILED because (of) Unable to click on object 'Object Repository/Page_Player Details/a_Additional Details' (Root cause: com.kms.katalon.core.webui.exception.WebElementNotFoundException: Web element with id: 'Object Repository/Page_Player Details/iframe_contentIFrame0' located by 'By.xpath: //iframe[count(. | //*[@frameborder = '0']) = count(//*[@frameborder = '0'])][count(. | //*[@id = 'contentIFrame0']) = count(//*[@id = 'contentIFrame0'])][count(. | //*[@name = 'contentIFrame0']) = count(//*[@name = 'contentIFrame0'])][count(. | //*[@title = 'Content Area']) = count(//*[@title = 'Content Area'])][count(. | //*[@ispreserved = 'always']) = count(//*[@ispreserved = 'always'])][count(. | id("contentIFrame0")) = count(id("contentIFrame0"))]' not found)]]></system-out>
      <system-err><![CDATA[2017-10-30 05:30:33 - [TEST_SUITE][FAILED] - Smoke: Test Cases/TC03 FAILED because (of) Unable to click on object 'Object Repository/Page_Player Details/a_Additional Details' (Root cause: com.kms.katalon.core.webui.exception.WebElementNotFoundException: Web element with id: 'Object Repository/Page_Player Details/iframe_contentIFrame0' located by 'By.xpath: //iframe[count(. | //*[@frameborder = '0']) = count(//*[@frameborder = '0'])][count(. | //*[@id = 'contentIFrame0']) = count(//*[@id = 'contentIFrame0'])][count(. | //*[@name = 'contentIFrame0']) = count(//*[@name = 'contentIFrame0'])][count(. | //*[@title = 'Content Area']) = count(//*[@title = 'Content Area'])][count(. | //*[@ispreserved = 'always']) = count(//*[@ispreserved = 'always'])][count(. | id("contentIFrame0")) = count(id("contentIFrame0"))]' not found)]]></system-err>
   </testsuite>
</testsuites>
